Device: cuda
Loaded checkpoint with model_state_dict
Training loss:0.08488673716783524

----- SAMPLE OUTPUT 1 -----
Once upon a time calm.
That Henry yields thus said,
And thus ne'er burn as light in London send his hands,
Were buckle beautled only dislike:
With many misforce's course, calm enter, with a titportion'd thy father!

ROMEO:
Good time, mad!

ROMEO:
I will not believe a buried man! yet, nurseful brother's house, as Oumerle, madars, madre we be bold in such woe
That sorrow that his high disgrace and measure of philosophy.

ROMEO:
What says I am told to fagns best Paris.
An old blocks's groarth, hath Romeo's short sudden with Saint George-day's

----- SAMPLE OUTPUT 2 -----
The meaning of life is accounted pay Lancaster with red bones
person straight; at Lancaster; where they have?

HENRY BOLINGBROKE:
Go on that we blow strong; to bear me leave.

HENRY PERCY:
My lord, my Lord with English choice, Cbot!'
ever till me to rise, that we love in vain;
The town since this vile strife, as it have ta'encas andHarry,
Poor queen is true as many free Troy?

HENRY PERCY:
Go, who areever till what true haplylling much sound loose presence 'tis so good friend, when any time as much alone. Go through the lateste' high

----- SAMPLE OUTPUT 3 -----
In the future, in banisp on his throne,
Our householdcon staints on his bosom,
As ashes generally an unsturhes to his rest.

DUKE OF AUMERLE:
Have denied the while of Oxford, and be ill-bret shame,
Before not my breath; no less curt lies to temper tears.

DUCHESS OF YORK:
Yet that I do yet to get us home,
Before thy to triumph that I am in peacety alone:
Thy Romeo! then call him hard salt deed.

Hence o'er flamed stain him; I do spend my word, I do that ere you so will accuse my wife, I had as
